import numpy as np

# ==============================================================================
# MANO-SSU v54.10 | RIGOROUS STABILITY & SYMMETRY AUDIT
# PURPOSE: To verify Zero-Parameter Residues and Zero Energy Drift (Delta E -> 0)
# ==============================================================================

class ManoSSU_Audit:
    def __init__(self):
        # 1. THE ABSOLUTE ANCHOR
        self.chi = 144.0
        
        # 2. MANDATORY GEOMETRIC RESIDUES (README v54.10)
        self.theta = (180.0 / self.chi) * (np.pi / 180.0)
        self.phi_r = 1.0  # Normalized Flux
        self.sigma = 20.0 / self.chi
        self.zeta = (self.chi / (2.0 * np.pi)) * (1.0 + self.sigma)
        self.epsilon = self.sigma / (self.chi * (np.pi**2))
        self.lambda_f = np.sqrt(self.chi) / np.pi
        self.gain = self.chi / (np.cos(self.theta)**2)
        
        # 3. KAHAN COMPENSATION REGISTERS (Anti-Symmetry Slip)
        self.psi = self.gain
        self.momentum = 0.0
        self.mom_comp = 0.0  # Kahan compensation for momentum
        self.dt = 1.0 / (self.chi * np.pi)

    def kahan_sum(self, current_sum, increment, compensation):
        """Forces hardware to maintain precision up to 10^-16."""
        y = increment - compensation
        t = current_sum + y
        new_comp = (t - current_sum) - y
        return t, new_comp

    def get_energy(self):
        """H_SSU = Kinetic Slip + Topological Potential + Torsional Lag."""
        kinetic = 0.5 * (self.momentum**2 / self.zeta)
        potential = (self.gain - self.chi) * (self.psi**2) + (self.sigma * (self.psi**4))
        return kinetic + potential

    def run_audit(self, iterations=1000000):
        e_start = self.get_energy()
        
        for _ in range(iterations):
            # Force: -dV/dPsi
            force = -(2.0 * (self.gain - self.chi) * self.psi + 4.0 * self.sigma * (self.psi**3))
            # Step Momentum (Kahan Protected)
            self.momentum, self.mom_comp = self.kahan_sum(self.momentum, force * self.dt, self.mom_comp)
            # Step Field
            self.psi += (self.momentum / self.zeta) * self.dt
            
        e_end = self.get_energy()
        
        # --- RESIDUE RESOLUTION ---
        alpha_inv = self.gain - (self.zeta / 2.0) - self.sigma + (self.lambda_f * np.pi)
        identity = ((alpha_inv + self.zeta - self.sigma) * (np.cos(self.theta)**2)) / 1.0
        mu = (4.0 * np.pi * self.chi) * (1.0 + self.epsilon) + self.zeta + (288.0 / (self.chi * self.sigma))

        return {
            "identity": identity,
            "drift": abs(e_end - e_start),
            "alpha_inv": alpha_inv,
            "mu": mu
        }

if __name__ == "__main__":
    audit = ManoSSU_Audit()
    results = audit.run_audit()
    
    print(f"--- SSU v54.10 GROUND TRUTH REPORT ---")
    print(f"MASTER IDENTITY LOCK : {results['identity']:.12f} (144.0)")
    print(f"ENERGY DRIFT (Delta E) : {results['drift']:.2e} (Limit -> 0)")
    print(f"FINE STRUCTURE (1/a)  : {results['alpha_inv']:.6f}")
    print(f"PROTON-ELECTRON (mu)  : {results['mu']:.5f}")
    print(f"STATUS                : {'SYMMETRY_LOCKED' if np.isclose(results['identity'], 144.0) else 'SLIP_DETECTED'}")
